-outxml
-source
1.6
-target
1.6
-classpath
C:\Users\punit\.m2\repository\aopalliance\aopalliance\1.0\aopalliance-1.0.jar;C:\Users\punit\.m2\repository\bouncycastle\bcmail-jdk14\138\bcmail-jdk14-138.jar;C:\Users\punit\.m2\repository\bouncycastle\bcprov-jdk14\138\bcprov-jdk14-138.jar;C:\Users\punit\.m2\repository\com\lowagie\itext\2.1.7\itext-2.1.7.jar;C:\Users\punit\.m2\repository\com\thoughtworks\xstream\xstream\1.3.1\xstream-1.3.1.jar;C:\Users\punit\.m2\repository\javax\inject\javax.inject\1\javax.inject-1.jar;C:\Users\punit\.m2\repository\javax\servlet\jstl\1.2\jstl-1.2.jar;C:\Users\punit\.m2\repository\javax\servlet\servlet-api\2.5\servlet-api-2.5.jar;C:\Users\punit\.m2\repository\javax\servlet\jsp\jsp-api\2.1\jsp-api-2.1.jar;C:\Users\punit\.m2\repository\junit\junit\4.7\junit-4.7.jar;C:\Users\punit\.m2\repository\log4j\log4j\1.2.15\log4j-1.2.15.jar;C:\Users\punit\.m2\repository\org\aspectj\aspectjrt\1.6.9\aspectjrt-1.6.9.jar;C:\Users\punit\.m2\repository\org\bouncycastle\bcmail-jdk14\1.38\bcmail-jdk14-1.38.jar;C:\Users\punit\.m2\repository\org\bouncycastle\bcprov-jdk14\1.38\bcprov-jdk14-1.38.jar;C:\Users\punit\.m2\repository\org\bouncycastle\bctsp-jdk14\1.38\bctsp-jdk14-1.38.jar;C:\Users\punit\.m2\repository\org\cloudfoundry\cloudfoundry-runtime\0.8.0\cloudfoundry-runtime-0.8.0.jar;C:\Users\punit\.m2\repository\org\codehaus\jackson\jackson-core-asl\1.9.0\jackson-core-asl-1.9.0.jar;C:\Users\punit\.m2\repository\org\codehaus\jackson\jackson-core-lgpl\1.9.0\jackson-core-lgpl-1.9.0.jar;C:\Users\punit\.m2\repository\org\codehaus\jackson\jackson-mapper-asl\1.9.0\jackson-mapper-asl-1.9.0.jar;C:\Users\punit\.m2\repository\org\codehaus\jackson\jackson-mapper-lgpl\1.9.0\jackson-mapper-lgpl-1.9.0.jar;C:\Users\punit\.m2\repository\org\codehaus\jackson\jackson-xc\1.9.0\jackson-xc-1.9.0.jar;C:\Users\punit\.m2\repository\org\mongodb\mongo-java-driver\2.6.5\mongo-java-driver-2.6.5.jar;C:\Users\punit\.m2\repository\org\slf4j\jcl-over-slf4j\1.5.10\jcl-over-slf4j-1.5.10.jar;C:\Users\punit\.m2\repository\org\slf4j\slf4j-api\1.5.10\slf4j-api-1.5.10.jar;C:\Users\punit\.m2\repository\org\slf4j\slf4j-log4j12\1.5.10\slf4j-log4j12-1.5.10.jar;C:\Users\punit\.m2\repository\org\springframework\spring-aop\3.1.0.M2\spring-aop-3.1.0.M2.jar;C:\Users\punit\.m2\repository\org\springframework\spring-asm\3.1.0.M2\spring-asm-3.1.0.M2.jar;C:\Users\punit\.m2\repository\org\springframework\spring-beans\3.1.0.M2\spring-beans-3.1.0.M2.jar;C:\Users\punit\.m2\repository\org\springframework\spring-context\3.1.0.M2\spring-context-3.1.0.M2.jar;C:\Users\punit\.m2\repository\org\springframework\spring-context-support\3.1.0.M2\spring-context-support-3.1.0.M2.jar;C:\Users\punit\.m2\repository\org\springframework\spring-core\3.1.0.M2\spring-core-3.1.0.M2.jar;C:\Users\punit\.m2\repository\org\springframework\spring-expression\3.1.0.M2\spring-expression-3.1.0.M2.jar;C:\Users\punit\.m2\repository\org\springframework\spring-oxm\3.1.0.M2\spring-oxm-3.1.0.M2.jar;C:\Users\punit\.m2\repository\org\springframework\spring-tx\3.0.5.RELEASE\spring-tx-3.0.5.RELEASE.jar;C:\Users\punit\.m2\repository\org\springframework\spring-web\3.1.0.M2\spring-web-3.1.0.M2.jar;C:\Users\punit\.m2\repository\org\springframework\spring-webmvc\3.1.0.M2\spring-webmvc-3.1.0.M2.jar;C:\Users\punit\.m2\repository\org\springframework\data\spring-data-commons-core\1.2.0.M1\spring-data-commons-core-1.2.0.M1.jar;C:\Users\punit\.m2\repository\org\springframework\data\spring-data-mongodb\1.0.0.M4\spring-data-mongodb-1.0.0.M4.jar;C:\Users\punit\.m2\repository\org\springframework\roo\org.springframework.roo.annotations\1.0.2.RELEASE\org.springframework.roo.annotations-1.0.2.RELEASE.jar;C:\Users\punit\.m2\repository\xpp3\xpp3_min\1.1.4c\xpp3_min-1.1.4c.jar;C:\workspace-sts-2.7.1.RELEASE\ipaper\target\classes
-d
C:\workspace-sts-2.7.1.RELEASE\ipaper\target\classes
C:\workspace-sts-2.7.1.RELEASE\ipaper\src\main\java\com\ipaper\myapp\MINTHttpDownloader.java
C:\workspace-sts-2.7.1.RELEASE\ipaper\src\main\java\com\ipaper\myapp\Collections.java
C:\workspace-sts-2.7.1.RELEASE\ipaper\src\main\java\com\dropbox\client\TrustedAuthenticator.java
C:\workspace-sts-2.7.1.RELEASE\ipaper\src\main\java\com\ipaper\myapp\DeleteEpaperTask.java
C:\workspace-sts-2.7.1.RELEASE\ipaper\src\main\java\com\ipaper\myapp\DNA.java
C:\workspace-sts-2.7.1.RELEASE\ipaper\src\main\java\com\ipaper\myapp\DAINIK.java
C:\workspace-sts-2.7.1.RELEASE\ipaper\src\main\java\com\ipaper\myapp\tests\HTTest.java
C:\workspace-sts-2.7.1.RELEASE\ipaper\src\main\java\com\ipaper\myapp\DAINIK2.java
C:\workspace-sts-2.7.1.RELEASE\ipaper\src\main\java\com\ipaper\myapp\HINDU.java
C:\workspace-sts-2.7.1.RELEASE\ipaper\src\main\java\com\ipaper\myapp\HTHttpDownloader.java
C:\workspace-sts-2.7.1.RELEASE\ipaper\src\main\java\com\ipaper\myapp\MyPDFUtility.java
C:\workspace-sts-2.7.1.RELEASE\ipaper\src\main\java\com\ipaper\myapp\tests\EpaperFacoryTest.java
C:\workspace-sts-2.7.1.RELEASE\ipaper\src\main\java\com\ipaper\myapp\Epaper.java
C:\workspace-sts-2.7.1.RELEASE\ipaper\src\main\java\com\ipaper\myapp\aspects\TimeExecutionProfiler.java
C:\workspace-sts-2.7.1.RELEASE\ipaper\src\main\java\com\ipaper\myapp\Downloader.java
C:\workspace-sts-2.7.1.RELEASE\ipaper\src\main\java\com\ipaper\myapp\Time.java
C:\workspace-sts-2.7.1.RELEASE\ipaper\src\main\java\com\ipaper\myapp\HINDUSTAN_TIMES.java
C:\workspace-sts-2.7.1.RELEASE\ipaper\src\main\java\com\ipaper\myapp\CustomPDFView.java
C:\workspace-sts-2.7.1.RELEASE\ipaper\src\main\java\com\ipaper\myapp\EpaperManager.java
C:\workspace-sts-2.7.1.RELEASE\ipaper\src\main\java\com\ipaper\myapp\HomeController.java
C:\workspace-sts-2.7.1.RELEASE\ipaper\src\main\java\com\ipaper\myapp\CopyOfDeleteEpaperTask.java
C:\workspace-sts-2.7.1.RELEASE\ipaper\src\main\java\com\dropbox\client\Authenticator.java
C:\workspace-sts-2.7.1.RELEASE\ipaper\src\main\java\com\ipaper\myapp\DownloadManager.java
C:\workspace-sts-2.7.1.RELEASE\ipaper\src\main\java\com\ipaper\myapp\HttpDownloader.java
C:\workspace-sts-2.7.1.RELEASE\ipaper\src\main\java\com\dropbox\client\DropboxAPI.java
C:\workspace-sts-2.7.1.RELEASE\ipaper\src\main\java\com\ipaper\myapp\Day.java
C:\workspace-sts-2.7.1.RELEASE\ipaper\src\main\java\com\ipaper\myapp\MIDDAY.java
C:\workspace-sts-2.7.1.RELEASE\ipaper\src\main\java\com\ipaper\myapp\tests\TOITest.java
C:\workspace-sts-2.7.1.RELEASE\ipaper\src\main\java\com\ipaper\myapp\EpaperBase.java
C:\workspace-sts-2.7.1.RELEASE\ipaper\src\main\java\com\ipaper\myapp\Language.java
C:\workspace-sts-2.7.1.RELEASE\ipaper\src\main\java\com\ipaper\myapp\INDIANEXPRESS.java
C:\workspace-sts-2.7.1.RELEASE\ipaper\src\main\java\com\ipaper\myapp\CopyOfEpaperTask.java
C:\workspace-sts-2.7.1.RELEASE\ipaper\src\main\java\com\dropbox\LoginAsyncTask.java
C:\workspace-sts-2.7.1.RELEASE\ipaper\src\main\java\com\ipaper\myapp\TOI.java
C:\workspace-sts-2.7.1.RELEASE\ipaper\src\main\java\com\ipaper\myapp\HINDUHttpDownloader.java
C:\workspace-sts-2.7.1.RELEASE\ipaper\src\main\java\com\dropbox\DropboxSample.java
C:\workspace-sts-2.7.1.RELEASE\ipaper\src\main\java\com\ipaper\myapp\RandomAccessByteArray.java
C:\workspace-sts-2.7.1.RELEASE\ipaper\src\main\java\com\dropbox\client\RESTUtility.java
C:\workspace-sts-2.7.1.RELEASE\ipaper\src\main\java\com\dropbox\client\DropboxClient.java
C:\workspace-sts-2.7.1.RELEASE\ipaper\src\main\java\com\ipaper\myapp\ScheduledTask.java
C:\workspace-sts-2.7.1.RELEASE\ipaper\src\main\java\com\ipaper\myapp\EpaperTask.java
C:\workspace-sts-2.7.1.RELEASE\ipaper\src\main\java\com\dropbox\client\DropboxException.java
C:\workspace-sts-2.7.1.RELEASE\ipaper\src\main\java\com\ipaper\myapp\Worker.java
C:\workspace-sts-2.7.1.RELEASE\ipaper\src\main\java\com\ipaper\myapp\Person.java
C:\workspace-sts-2.7.1.RELEASE\ipaper\src\main\java\com\ipaper\myapp\PDFToImage.java
C:\workspace-sts-2.7.1.RELEASE\ipaper\src\main\java\com\ipaper\myapp\MINT.java
C:\workspace-sts-2.7.1.RELEASE\ipaper\src\main\java\com\ipaper\myapp\EpaperFactory.java
C:\workspace-sts-2.7.1.RELEASE\ipaper\src\main\java\com\sugarsync\GetAuth.java
